[2019-06-18 00:19:45.365] [jointLog] [info] Fragment incompatibility prior below threshold.  Incompatible fragments will be ignored.
[2019-06-18 00:19:45.365] [jointLog] [info] Usage of --validateMappings implies use of minScoreFraction. Since not explicitly specified, it is being set to 0.65
[2019-06-18 00:19:45.365] [jointLog] [info] Usage of --validateMappings, without --hardFilter implies use of range factorization. rangeFactorizationBins is being set to 4
[2019-06-18 00:19:45.365] [jointLog] [info] Usage of --validateMappings implies a default consensus slack of 0.2. Setting consensusSlack to 0.2.
[2019-06-18 00:19:45.365] [jointLog] [info] parsing read library format
[2019-06-18 00:19:45.365] [jointLog] [info] There is 1 library.
[2019-06-18 00:19:45.492] [jointLog] [info] Loading Quasi index
[2019-06-18 00:19:45.492] [jointLog] [info] Loading 32-bit quasi index
[2019-06-18 00:19:48.125] [jointLog] [info] done
[2019-06-18 00:19:48.125] [jointLog] [info] Index contained 48,268 targets
[2019-06-18 00:19:48.691] [jointLog] [warning] Fragment GC bias correction is currently *experimental* in single-end libraries.  Please use this option with caution.
[2019-06-18 00:19:48.876] [jointLog] [info] Automatically detected most likely library type as U
[2019-06-18 00:21:03.077] [fileLog] [info] 
At end of round 0
==================
Observed 41478451 total fragments (41478451 in most recent round)

[2019-06-18 00:21:02.727] [jointLog] [info] Computed 68,404 rich equivalence classes for further processing
[2019-06-18 00:21:02.727] [jointLog] [info] Counted 38,892,776 total reads in the equivalence classes 
[2019-06-18 00:21:03.090] [jointLog] [info] Number of mappings discarded because of alignment score : 39,050
[2019-06-18 00:21:03.090] [jointLog] [info] Number of fragments entirely discarded because of alignment score : 2,585,675
[2019-06-18 00:21:03.090] [jointLog] [info] Number of fragments discarded because they are best-mapped to decoys : 0
[2019-06-18 00:21:03.090] [jointLog] [info] Number of fragments discarded because they have only dovetail (discordant) mappings : 0
[2019-06-18 00:21:03.090] [jointLog] [info] Mapping rate = 93.7662%

[2019-06-18 00:21:03.091] [jointLog] [info] finished quantifyLibrary()
[2019-06-18 00:21:03.100] [jointLog] [info] Starting optimizer
[2019-06-18 00:21:03.118] [jointLog] [info] Marked 0 weighted equivalence classes as degenerate
[2019-06-18 00:21:03.121] [jointLog] [info] iteration = 0 | max rel diff. = 4885.94
[2019-06-18 00:21:03.140] [jointLog] [info] iteration 11, adjusting effective lengths to account for biases
[2019-06-18 00:21:16.518] [jointLog] [info] Computed expected counts (for bias correction)
[2019-06-18 00:21:16.518] [jointLog] [info] processed bias for 0.0% of the transcripts
[2019-06-18 00:21:18.327] [jointLog] [info] processed bias for 10.0% of the transcripts
[2019-06-18 00:21:20.117] [jointLog] [info] processed bias for 20.0% of the transcripts
[2019-06-18 00:21:21.920] [jointLog] [info] processed bias for 30.0% of the transcripts
[2019-06-18 00:21:23.770] [jointLog] [info] processed bias for 40.0% of the transcripts
[2019-06-18 00:21:25.509] [jointLog] [info] processed bias for 50.0% of the transcripts
[2019-06-18 00:21:27.370] [jointLog] [info] processed bias for 60.0% of the transcripts
[2019-06-18 00:21:29.296] [jointLog] [info] processed bias for 70.0% of the transcripts
[2019-06-18 00:21:31.175] [jointLog] [info] processed bias for 80.0% of the transcripts
[2019-06-18 00:21:32.578] [jointLog] [info] processed bias for 100.0% of the transcripts
[2019-06-18 00:21:32.823] [jointLog] [info] iteration = 100 | max rel diff. = 18.1221
[2019-06-18 00:21:33.102] [jointLog] [info] iteration = 200 | max rel diff. = 13.2306
[2019-06-18 00:21:33.406] [jointLog] [info] iteration = 300 | max rel diff. = 11.4582
[2019-06-18 00:21:33.680] [jointLog] [info] iteration = 400 | max rel diff. = 2.8077
[2019-06-18 00:21:33.941] [jointLog] [info] iteration = 500 | max rel diff. = 0.642085
[2019-06-18 00:21:34.209] [jointLog] [info] iteration = 600 | max rel diff. = 0.919254
[2019-06-18 00:21:34.468] [jointLog] [info] iteration = 700 | max rel diff. = 10.1328
[2019-06-18 00:21:34.738] [jointLog] [info] iteration = 800 | max rel diff. = 1.32598
[2019-06-18 00:21:35.010] [jointLog] [info] iteration = 900 | max rel diff. = 1.61705
[2019-06-18 00:21:35.283] [jointLog] [info] iteration = 1,000 | max rel diff. = 1.38009
[2019-06-18 00:21:35.558] [jointLog] [info] iteration = 1,100 | max rel diff. = 0.139879
[2019-06-18 00:21:35.831] [jointLog] [info] iteration = 1,200 | max rel diff. = 0.0396955
[2019-06-18 00:21:36.113] [jointLog] [info] iteration = 1,300 | max rel diff. = 1.0068
[2019-06-18 00:21:36.254] [jointLog] [info] iteration = 1,351 | max rel diff. = 0.00955286
[2019-06-18 00:21:36.255] [jointLog] [info] Finished optimizer
[2019-06-18 00:21:36.255] [jointLog] [info] writing output 

[2019-06-18 00:21:36.356] [jointLog] [info] Starting Bootstrapping
[2019-06-18 00:21:36.368] [jointLog] [info] Will draw 100 bootstrap samples
[2019-06-18 00:21:36.368] [jointLog] [info] Optimizing over 68,404 equivalence classes
[2019-06-18 00:21:36.370] [jointLog] [info] Marked 0 weighted equivalence classes as degenerate
[2019-06-18 00:21:59.168] [jointLog] [info] wrote 1 bootstraps
[2019-06-18 00:21:59.226] [jointLog] [info] wrote 2 bootstraps
[2019-06-18 00:22:01.055] [jointLog] [info] wrote 3 bootstraps
[2019-06-18 00:22:03.648] [jointLog] [info] wrote 4 bootstraps
[2019-06-18 00:22:04.205] [jointLog] [info] wrote 5 bootstraps
[2019-06-18 00:22:04.934] [jointLog] [info] wrote 6 bootstraps
[2019-06-18 00:22:24.851] [jointLog] [info] wrote 7 bootstraps
[2019-06-18 00:22:25.879] [jointLog] [info] wrote 8 bootstraps
[2019-06-18 00:22:27.236] [jointLog] [info] wrote 9 bootstraps
[2019-06-18 00:22:28.409] [jointLog] [info] wrote 10 bootstraps
[2019-06-18 00:22:31.396] [jointLog] [info] wrote 11 bootstraps
[2019-06-18 00:22:32.742] [jointLog] [info] wrote 12 bootstraps
[2019-06-18 00:22:48.650] [jointLog] [info] wrote 13 bootstraps
[2019-06-18 00:22:53.551] [jointLog] [info] wrote 14 bootstraps
[2019-06-18 00:22:54.621] [jointLog] [info] wrote 15 bootstraps
[2019-06-18 00:22:57.489] [jointLog] [info] wrote 16 bootstraps
[2019-06-18 00:22:59.435] [jointLog] [info] wrote 17 bootstraps
[2019-06-18 00:23:01.945] [jointLog] [info] wrote 18 bootstraps
[2019-06-18 00:23:16.241] [jointLog] [info] wrote 19 bootstraps
[2019-06-18 00:23:20.675] [jointLog] [info] wrote 20 bootstraps
[2019-06-18 00:23:22.441] [jointLog] [info] wrote 21 bootstraps
[2019-06-18 00:23:22.907] [jointLog] [info] wrote 22 bootstraps
[2019-06-18 00:23:24.319] [jointLog] [info] wrote 23 bootstraps
[2019-06-18 00:23:28.778] [jointLog] [info] wrote 24 bootstraps
[2019-06-18 00:23:40.937] [jointLog] [info] wrote 25 bootstraps
[2019-06-18 00:23:45.618] [jointLog] [info] wrote 26 bootstraps
[2019-06-18 00:23:46.257] [jointLog] [info] wrote 27 bootstraps
[2019-06-18 00:23:52.622] [jointLog] [info] wrote 28 bootstraps
[2019-06-18 00:23:52.655] [jointLog] [info] wrote 29 bootstraps
[2019-06-18 00:23:54.125] [jointLog] [info] wrote 30 bootstraps
[2019-06-18 00:24:06.530] [jointLog] [info] wrote 31 bootstraps
[2019-06-18 00:24:09.534] [jointLog] [info] wrote 32 bootstraps
[2019-06-18 00:24:09.610] [jointLog] [info] wrote 33 bootstraps
[2019-06-18 00:24:19.537] [jointLog] [info] wrote 34 bootstraps
[2019-06-18 00:24:20.911] [jointLog] [info] wrote 35 bootstraps
[2019-06-18 00:24:24.176] [jointLog] [info] wrote 36 bootstraps
[2019-06-18 00:24:33.573] [jointLog] [info] wrote 37 bootstraps
[2019-06-18 00:24:35.987] [jointLog] [info] wrote 38 bootstraps
[2019-06-18 00:24:37.629] [jointLog] [info] wrote 39 bootstraps
[2019-06-18 00:24:45.423] [jointLog] [info] wrote 40 bootstraps
[2019-06-18 00:24:54.583] [jointLog] [info] wrote 41 bootstraps
[2019-06-18 00:24:58.213] [jointLog] [info] wrote 42 bootstraps
[2019-06-18 00:25:01.204] [jointLog] [info] wrote 43 bootstraps
[2019-06-18 00:25:03.869] [jointLog] [info] wrote 44 bootstraps
[2019-06-18 00:25:05.963] [jointLog] [info] wrote 45 bootstraps
[2019-06-18 00:25:16.605] [jointLog] [info] wrote 46 bootstraps
[2019-06-18 00:25:24.377] [jointLog] [info] wrote 47 bootstraps
[2019-06-18 00:25:26.389] [jointLog] [info] wrote 48 bootstraps
[2019-06-18 00:25:27.127] [jointLog] [info] wrote 49 bootstraps
[2019-06-18 00:25:29.787] [jointLog] [info] wrote 50 bootstraps
[2019-06-18 00:25:37.039] [jointLog] [info] wrote 51 bootstraps
[2019-06-18 00:25:39.834] [jointLog] [info] wrote 52 bootstraps
[2019-06-18 00:25:53.459] [jointLog] [info] wrote 53 bootstraps
[2019-06-18 00:25:53.628] [jointLog] [info] wrote 54 bootstraps
[2019-06-18 00:25:54.623] [jointLog] [info] wrote 55 bootstraps
[2019-06-18 00:25:56.824] [jointLog] [info] wrote 56 bootstraps
[2019-06-18 00:26:04.453] [jointLog] [info] wrote 57 bootstraps
[2019-06-18 00:26:06.189] [jointLog] [info] wrote 58 bootstraps
[2019-06-18 00:26:21.256] [jointLog] [info] wrote 59 bootstraps
[2019-06-18 00:26:21.298] [jointLog] [info] wrote 60 bootstraps
[2019-06-18 00:26:23.225] [jointLog] [info] wrote 61 bootstraps
[2019-06-18 00:26:26.552] [jointLog] [info] wrote 62 bootstraps
[2019-06-18 00:26:33.264] [jointLog] [info] wrote 63 bootstraps
[2019-06-18 00:26:35.360] [jointLog] [info] wrote 64 bootstraps
[2019-06-18 00:26:44.818] [jointLog] [info] wrote 65 bootstraps
[2019-06-18 00:26:48.415] [jointLog] [info] wrote 66 bootstraps
[2019-06-18 00:26:50.099] [jointLog] [info] wrote 67 bootstraps
[2019-06-18 00:26:52.947] [jointLog] [info] wrote 68 bootstraps
[2019-06-18 00:27:01.133] [jointLog] [info] wrote 69 bootstraps
[2019-06-18 00:27:03.494] [jointLog] [info] wrote 70 bootstraps
[2019-06-18 00:27:13.097] [jointLog] [info] wrote 71 bootstraps
[2019-06-18 00:27:16.423] [jointLog] [info] wrote 72 bootstraps
[2019-06-18 00:27:19.568] [jointLog] [info] wrote 73 bootstraps
[2019-06-18 00:27:21.980] [jointLog] [info] wrote 74 bootstraps
[2019-06-18 00:27:27.871] [jointLog] [info] wrote 75 bootstraps
[2019-06-18 00:27:32.006] [jointLog] [info] wrote 76 bootstraps
[2019-06-18 00:27:37.343] [jointLog] [info] wrote 77 bootstraps
[2019-06-18 00:27:42.862] [jointLog] [info] wrote 78 bootstraps
[2019-06-18 00:27:48.569] [jointLog] [info] wrote 79 bootstraps
[2019-06-18 00:27:54.081] [jointLog] [info] wrote 80 bootstraps
[2019-06-18 00:27:57.118] [jointLog] [info] wrote 81 bootstraps
[2019-06-18 00:28:00.065] [jointLog] [info] wrote 82 bootstraps
[2019-06-18 00:28:00.774] [jointLog] [info] wrote 83 bootstraps
[2019-06-18 00:28:08.377] [jointLog] [info] wrote 84 bootstraps
[2019-06-18 00:28:19.214] [jointLog] [info] wrote 85 bootstraps
[2019-06-18 00:28:19.889] [jointLog] [info] wrote 86 bootstraps
[2019-06-18 00:28:24.130] [jointLog] [info] wrote 87 bootstraps
[2019-06-18 00:28:24.163] [jointLog] [info] wrote 88 bootstraps
[2019-06-18 00:28:28.638] [jointLog] [info] wrote 89 bootstraps
[2019-06-18 00:28:35.252] [jointLog] [info] wrote 90 bootstraps
[2019-06-18 00:28:47.019] [jointLog] [info] wrote 91 bootstraps
[2019-06-18 00:28:47.606] [jointLog] [info] wrote 92 bootstraps
[2019-06-18 00:28:49.033] [jointLog] [info] wrote 93 bootstraps
[2019-06-18 00:28:54.528] [jointLog] [info] wrote 94 bootstraps
[2019-06-18 00:28:57.416] [jointLog] [info] wrote 95 bootstraps
[2019-06-18 00:28:58.490] [jointLog] [info] wrote 96 bootstraps
[2019-06-18 00:29:09.029] [jointLog] [info] wrote 97 bootstraps
[2019-06-18 00:29:10.839] [jointLog] [info] wrote 98 bootstraps
[2019-06-18 00:29:11.583] [jointLog] [info] wrote 99 bootstraps
[2019-06-18 00:29:15.354] [jointLog] [info] wrote 100 bootstraps
[2019-06-18 00:29:15.357] [jointLog] [info] Finished Bootstrapping
[2019-06-18 00:29:15.358] [jointLog] [warning] NOTE: Read Lib [[ Clp2---II_1.fq.gz ]] :

Detected a *potential* strand bias > 1% in an unstranded protocol check the file: /home/jpetereit/salmon2/data/quants/Clp2---II_1.fq.gz_quant/lib_format_counts.json for details

