[2019-06-17 18:32:29.006] [jointLog] [info] Fragment incompatibility prior below threshold.  Incompatible fragments will be ignored.
[2019-06-17 18:32:29.006] [jointLog] [info] Usage of --validateMappings implies use of minScoreFraction. Since not explicitly specified, it is being set to 0.65
[2019-06-17 18:32:29.006] [jointLog] [info] Usage of --validateMappings, without --hardFilter implies use of range factorization. rangeFactorizationBins is being set to 4
[2019-06-17 18:32:29.006] [jointLog] [info] Usage of --validateMappings implies a default consensus slack of 0.2. Setting consensusSlack to 0.2.
[2019-06-17 18:32:29.006] [jointLog] [info] parsing read library format
[2019-06-17 18:32:29.006] [jointLog] [info] There is 1 library.
[2019-06-17 18:32:29.311] [jointLog] [info] Loading Quasi index
[2019-06-17 18:32:29.312] [jointLog] [info] Loading 32-bit quasi index
[2019-06-17 18:32:36.307] [jointLog] [info] done
[2019-06-17 18:32:36.307] [jointLog] [info] Index contained 48,268 targets
[2019-06-17 18:32:37.765] [jointLog] [warning] Fragment GC bias correction is currently *experimental* in single-end libraries.  Please use this option with caution.
[2019-06-17 18:32:38.286] [jointLog] [info] Automatically detected most likely library type as U
[2019-06-17 18:34:18.256] [fileLog] [info] 
At end of round 0
==================
Observed 41807159 total fragments (41807159 in most recent round)

[2019-06-17 18:34:18.253] [jointLog] [info] Computed 68,603 rich equivalence classes for further processing
[2019-06-17 18:34:18.253] [jointLog] [info] Counted 39,268,932 total reads in the equivalence classes 
[2019-06-17 18:34:18.290] [jointLog] [info] Number of mappings discarded because of alignment score : 39,524
[2019-06-17 18:34:18.290] [jointLog] [info] Number of fragments entirely discarded because of alignment score : 2,538,227
[2019-06-17 18:34:18.290] [jointLog] [info] Number of fragments discarded because they are best-mapped to decoys : 0
[2019-06-17 18:34:18.290] [jointLog] [info] Number of fragments discarded because they have only dovetail (discordant) mappings : 0
[2019-06-17 18:34:18.290] [jointLog] [info] Mapping rate = 93.9287%

[2019-06-17 18:34:18.290] [jointLog] [info] finished quantifyLibrary()
[2019-06-17 18:34:18.300] [jointLog] [info] Starting optimizer
[2019-06-17 18:34:18.356] [jointLog] [info] Marked 0 weighted equivalence classes as degenerate
[2019-06-17 18:34:18.361] [jointLog] [info] iteration = 0 | max rel diff. = 17314.8
[2019-06-17 18:34:18.411] [jointLog] [info] iteration 11, adjusting effective lengths to account for biases
[2019-06-17 18:34:39.644] [jointLog] [info] Computed expected counts (for bias correction)
[2019-06-17 18:34:39.646] [jointLog] [info] processed bias for 0.0% of the transcripts
[2019-06-17 18:34:42.546] [jointLog] [info] processed bias for 10.0% of the transcripts
[2019-06-17 18:34:45.369] [jointLog] [info] processed bias for 20.0% of the transcripts
[2019-06-17 18:34:48.205] [jointLog] [info] processed bias for 30.0% of the transcripts
[2019-06-17 18:34:51.035] [jointLog] [info] processed bias for 40.0% of the transcripts
[2019-06-17 18:34:53.891] [jointLog] [info] processed bias for 50.0% of the transcripts
[2019-06-17 18:34:56.752] [jointLog] [info] processed bias for 60.0% of the transcripts
[2019-06-17 18:34:59.623] [jointLog] [info] processed bias for 70.0% of the transcripts
[2019-06-17 18:35:02.425] [jointLog] [info] processed bias for 80.0% of the transcripts
[2019-06-17 18:35:04.712] [jointLog] [info] processed bias for 100.0% of the transcripts
[2019-06-17 18:35:05.136] [jointLog] [info] iteration = 100 | max rel diff. = 17.3334
[2019-06-17 18:35:05.601] [jointLog] [info] iteration = 200 | max rel diff. = 9.67186
[2019-06-17 18:35:06.055] [jointLog] [info] iteration = 300 | max rel diff. = 15.9526
[2019-06-17 18:35:06.526] [jointLog] [info] iteration = 400 | max rel diff. = 14.5407
[2019-06-17 18:35:06.980] [jointLog] [info] iteration = 500 | max rel diff. = 0.964669
[2019-06-17 18:35:07.436] [jointLog] [info] iteration = 600 | max rel diff. = 0.660174
[2019-06-17 18:35:07.905] [jointLog] [info] iteration = 700 | max rel diff. = 0.573947
[2019-06-17 18:35:08.361] [jointLog] [info] iteration = 800 | max rel diff. = 1.30761
[2019-06-17 18:35:08.833] [jointLog] [info] iteration = 900 | max rel diff. = 0.0921509
[2019-06-17 18:35:09.288] [jointLog] [info] iteration = 1,000 | max rel diff. = 0.480663
[2019-06-17 18:35:09.765] [jointLog] [info] iteration = 1,100 | max rel diff. = 3.02852
[2019-06-17 18:35:10.239] [jointLog] [info] iteration = 1,200 | max rel diff. = 0.20432
[2019-06-17 18:35:10.726] [jointLog] [info] iteration = 1,300 | max rel diff. = 0.603166
[2019-06-17 18:35:11.230] [jointLog] [info] iteration = 1,400 | max rel diff. = 1.40338
[2019-06-17 18:35:11.717] [jointLog] [info] iteration = 1,500 | max rel diff. = 0.113962
[2019-06-17 18:35:12.201] [jointLog] [info] iteration = 1,600 | max rel diff. = 0.183253
[2019-06-17 18:35:12.668] [jointLog] [info] iteration = 1,700 | max rel diff. = 0.0581849
[2019-06-17 18:35:13.122] [jointLog] [info] iteration = 1,800 | max rel diff. = 0.0523828
[2019-06-17 18:35:13.594] [jointLog] [info] iteration = 1,900 | max rel diff. = 0.175989
[2019-06-17 18:35:14.053] [jointLog] [info] iteration = 2,000 | max rel diff. = 0.0120949
[2019-06-17 18:35:14.515] [jointLog] [info] iteration = 2,100 | max rel diff. = 0.166277
[2019-06-17 18:35:14.980] [jointLog] [info] iteration = 2,200 | max rel diff. = 0.0591021
[2019-06-17 18:35:15.435] [jointLog] [info] iteration = 2,300 | max rel diff. = 0.166838
[2019-06-17 18:35:15.906] [jointLog] [info] iteration = 2,400 | max rel diff. = 0.0599216
[2019-06-17 18:35:16.362] [jointLog] [info] iteration = 2,500 | max rel diff. = 0.0245888
[2019-06-17 18:35:16.532] [jointLog] [info] iteration = 2,538 | max rel diff. = 0.00368642
[2019-06-17 18:35:16.534] [jointLog] [info] Finished optimizer
[2019-06-17 18:35:16.534] [jointLog] [info] writing output 

[2019-06-17 18:35:16.713] [jointLog] [info] Starting Bootstrapping
[2019-06-17 18:35:16.733] [jointLog] [info] Will draw 100 bootstrap samples
[2019-06-17 18:35:16.733] [jointLog] [info] Optimizing over 68,603 equivalence classes
[2019-06-17 18:35:16.738] [jointLog] [info] Marked 0 weighted equivalence classes as degenerate
[2019-06-17 18:35:55.302] [jointLog] [info] wrote 1 bootstraps
[2019-06-17 18:36:00.908] [jointLog] [info] wrote 2 bootstraps
[2019-06-17 18:36:01.123] [jointLog] [info] wrote 3 bootstraps
[2019-06-17 18:36:01.499] [jointLog] [info] wrote 4 bootstraps
[2019-06-17 18:36:04.541] [jointLog] [info] wrote 5 bootstraps
[2019-06-17 18:36:11.310] [jointLog] [info] wrote 6 bootstraps
[2019-06-17 18:36:12.736] [jointLog] [info] wrote 7 bootstraps
[2019-06-17 18:36:38.821] [jointLog] [info] wrote 8 bootstraps
[2019-06-17 18:36:46.613] [jointLog] [info] wrote 9 bootstraps
[2019-06-17 18:36:46.660] [jointLog] [info] wrote 10 bootstraps
[2019-06-17 18:36:51.907] [jointLog] [info] wrote 11 bootstraps
[2019-06-17 18:36:52.228] [jointLog] [info] wrote 12 bootstraps
[2019-06-17 18:36:56.998] [jointLog] [info] wrote 13 bootstraps
[2019-06-17 18:36:59.875] [jointLog] [info] wrote 14 bootstraps
[2019-06-17 18:37:24.888] [jointLog] [info] wrote 15 bootstraps
[2019-06-17 18:37:33.987] [jointLog] [info] wrote 16 bootstraps
[2019-06-17 18:37:36.789] [jointLog] [info] wrote 17 bootstraps
[2019-06-17 18:37:37.115] [jointLog] [info] wrote 18 bootstraps
[2019-06-17 18:37:40.692] [jointLog] [info] wrote 19 bootstraps
[2019-06-17 18:37:44.147] [jointLog] [info] wrote 20 bootstraps
[2019-06-17 18:37:47.498] [jointLog] [info] wrote 21 bootstraps
[2019-06-17 18:38:12.019] [jointLog] [info] wrote 22 bootstraps
[2019-06-17 18:38:21.775] [jointLog] [info] wrote 23 bootstraps
[2019-06-17 18:38:22.762] [jointLog] [info] wrote 24 bootstraps
[2019-06-17 18:38:28.715] [jointLog] [info] wrote 25 bootstraps
[2019-06-17 18:38:33.684] [jointLog] [info] wrote 26 bootstraps
[2019-06-17 18:38:33.740] [jointLog] [info] wrote 27 bootstraps
[2019-06-17 18:38:35.991] [jointLog] [info] wrote 28 bootstraps
[2019-06-17 18:39:00.226] [jointLog] [info] wrote 29 bootstraps
[2019-06-17 18:39:07.999] [jointLog] [info] wrote 30 bootstraps
[2019-06-17 18:39:11.825] [jointLog] [info] wrote 31 bootstraps
[2019-06-17 18:39:17.359] [jointLog] [info] wrote 32 bootstraps
[2019-06-17 18:39:19.666] [jointLog] [info] wrote 33 bootstraps
[2019-06-17 18:39:22.763] [jointLog] [info] wrote 34 bootstraps
[2019-06-17 18:39:23.210] [jointLog] [info] wrote 35 bootstraps
[2019-06-17 18:39:45.764] [jointLog] [info] wrote 36 bootstraps
[2019-06-17 18:39:53.462] [jointLog] [info] wrote 37 bootstraps
[2019-06-17 18:39:56.771] [jointLog] [info] wrote 38 bootstraps
[2019-06-17 18:40:04.177] [jointLog] [info] wrote 39 bootstraps
[2019-06-17 18:40:09.540] [jointLog] [info] wrote 40 bootstraps
[2019-06-17 18:40:10.741] [jointLog] [info] wrote 41 bootstraps
[2019-06-17 18:40:17.998] [jointLog] [info] wrote 42 bootstraps
[2019-06-17 18:40:34.576] [jointLog] [info] wrote 43 bootstraps
[2019-06-17 18:40:44.331] [jointLog] [info] wrote 44 bootstraps
[2019-06-17 18:40:45.645] [jointLog] [info] wrote 45 bootstraps
[2019-06-17 18:40:49.587] [jointLog] [info] wrote 46 bootstraps
[2019-06-17 18:40:58.479] [jointLog] [info] wrote 47 bootstraps
[2019-06-17 18:41:02.004] [jointLog] [info] wrote 48 bootstraps
[2019-06-17 18:41:09.914] [jointLog] [info] wrote 49 bootstraps
[2019-06-17 18:41:23.973] [jointLog] [info] wrote 50 bootstraps
[2019-06-17 18:41:31.343] [jointLog] [info] wrote 51 bootstraps
[2019-06-17 18:41:35.275] [jointLog] [info] wrote 52 bootstraps
[2019-06-17 18:41:39.992] [jointLog] [info] wrote 53 bootstraps
[2019-06-17 18:41:40.125] [jointLog] [info] wrote 54 bootstraps
[2019-06-17 18:41:46.890] [jointLog] [info] wrote 55 bootstraps
[2019-06-17 18:41:58.296] [jointLog] [info] wrote 56 bootstraps
[2019-06-17 18:42:07.655] [jointLog] [info] wrote 57 bootstraps
[2019-06-17 18:42:18.241] [jointLog] [info] wrote 58 bootstraps
[2019-06-17 18:42:23.441] [jointLog] [info] wrote 59 bootstraps
[2019-06-17 18:42:23.923] [jointLog] [info] wrote 60 bootstraps
[2019-06-17 18:42:29.564] [jointLog] [info] wrote 61 bootstraps
[2019-06-17 18:42:31.145] [jointLog] [info] wrote 62 bootstraps
[2019-06-17 18:42:47.614] [jointLog] [info] wrote 63 bootstraps
[2019-06-17 18:42:56.313] [jointLog] [info] wrote 64 bootstraps
[2019-06-17 18:42:57.461] [jointLog] [info] wrote 65 bootstraps
[2019-06-17 18:43:11.232] [jointLog] [info] wrote 66 bootstraps
[2019-06-17 18:43:11.553] [jointLog] [info] wrote 67 bootstraps
[2019-06-17 18:43:13.836] [jointLog] [info] wrote 68 bootstraps
[2019-06-17 18:43:25.927] [jointLog] [info] wrote 69 bootstraps
[2019-06-17 18:43:35.666] [jointLog] [info] wrote 70 bootstraps
[2019-06-17 18:43:41.309] [jointLog] [info] wrote 71 bootstraps
[2019-06-17 18:43:43.801] [jointLog] [info] wrote 72 bootstraps
[2019-06-17 18:43:52.176] [jointLog] [info] wrote 73 bootstraps
[2019-06-17 18:43:59.087] [jointLog] [info] wrote 74 bootstraps
[2019-06-17 18:43:59.743] [jointLog] [info] wrote 75 bootstraps
[2019-06-17 18:44:06.294] [jointLog] [info] wrote 76 bootstraps
[2019-06-17 18:44:24.631] [jointLog] [info] wrote 77 bootstraps
[2019-06-17 18:44:29.505] [jointLog] [info] wrote 78 bootstraps
[2019-06-17 18:44:39.354] [jointLog] [info] wrote 79 bootstraps
[2019-06-17 18:44:39.455] [jointLog] [info] wrote 80 bootstraps
[2019-06-17 18:44:43.071] [jointLog] [info] wrote 81 bootstraps
[2019-06-17 18:44:44.590] [jointLog] [info] wrote 82 bootstraps
[2019-06-17 18:44:51.050] [jointLog] [info] wrote 83 bootstraps
[2019-06-17 18:45:09.467] [jointLog] [info] wrote 84 bootstraps
[2019-06-17 18:45:12.103] [jointLog] [info] wrote 85 bootstraps
[2019-06-17 18:45:25.956] [jointLog] [info] wrote 86 bootstraps
[2019-06-17 18:45:27.113] [jointLog] [info] wrote 87 bootstraps
[2019-06-17 18:45:32.270] [jointLog] [info] wrote 88 bootstraps
[2019-06-17 18:45:35.973] [jointLog] [info] wrote 89 bootstraps
[2019-06-17 18:45:36.603] [jointLog] [info] wrote 90 bootstraps
[2019-06-17 18:45:58.075] [jointLog] [info] wrote 91 bootstraps
[2019-06-17 18:45:59.903] [jointLog] [info] wrote 92 bootstraps
[2019-06-17 18:46:12.972] [jointLog] [info] wrote 93 bootstraps
[2019-06-17 18:46:13.026] [jointLog] [info] wrote 94 bootstraps
[2019-06-17 18:46:19.525] [jointLog] [info] wrote 95 bootstraps
[2019-06-17 18:46:22.438] [jointLog] [info] wrote 96 bootstraps
[2019-06-17 18:46:24.698] [jointLog] [info] wrote 97 bootstraps
[2019-06-17 18:46:39.510] [jointLog] [info] wrote 98 bootstraps
[2019-06-17 18:46:41.216] [jointLog] [info] wrote 99 bootstraps
[2019-06-17 18:46:53.567] [jointLog] [info] wrote 100 bootstraps
[2019-06-17 18:46:53.577] [jointLog] [info] Finished Bootstrapping
[2019-06-17 18:46:53.578] [jointLog] [warning] NOTE: Read Lib [[ Clp1---II_1.fq.gz ]] :

Detected a *potential* strand bias > 1% in an unstranded protocol check the file: /home/jpetereit/salmon2/data/quants/Clp1---II_1.fq.gz_quant/lib_format_counts.json for details

