[2019-06-17 18:47:04.568] [jointLog] [info] Fragment incompatibility prior below threshold.  Incompatible fragments will be ignored.
[2019-06-17 18:47:04.568] [jointLog] [info] Usage of --validateMappings implies use of minScoreFraction. Since not explicitly specified, it is being set to 0.65
[2019-06-17 18:47:04.568] [jointLog] [info] Usage of --validateMappings, without --hardFilter implies use of range factorization. rangeFactorizationBins is being set to 4
[2019-06-17 18:47:04.568] [jointLog] [info] Usage of --validateMappings implies a default consensus slack of 0.2. Setting consensusSlack to 0.2.
[2019-06-17 18:47:04.568] [jointLog] [info] parsing read library format
[2019-06-17 18:47:04.568] [jointLog] [info] There is 1 library.
[2019-06-17 18:47:04.886] [jointLog] [info] Loading Quasi index
[2019-06-17 18:47:04.886] [jointLog] [info] Loading 32-bit quasi index
[2019-06-17 18:47:11.791] [jointLog] [info] done
[2019-06-17 18:47:11.791] [jointLog] [info] Index contained 48,268 targets
[2019-06-17 18:47:13.228] [jointLog] [warning] Fragment GC bias correction is currently *experimental* in single-end libraries.  Please use this option with caution.
[2019-06-17 18:47:14.225] [jointLog] [info] Automatically detected most likely library type as U
[2019-06-17 18:48:56.821] [fileLog] [info] 
At end of round 0
==================
Observed 41747147 total fragments (41747147 in most recent round)

[2019-06-17 18:48:56.817] [jointLog] [info] Computed 68,706 rich equivalence classes for further processing
[2019-06-17 18:48:56.817] [jointLog] [info] Counted 39,304,524 total reads in the equivalence classes 
[2019-06-17 18:48:57.143] [jointLog] [info] Number of mappings discarded because of alignment score : 51,866
[2019-06-17 18:48:57.143] [jointLog] [info] Number of fragments entirely discarded because of alignment score : 2,442,623
[2019-06-17 18:48:57.143] [jointLog] [info] Number of fragments discarded because they are best-mapped to decoys : 0
[2019-06-17 18:48:57.143] [jointLog] [info] Number of fragments discarded because they have only dovetail (discordant) mappings : 0
[2019-06-17 18:48:57.143] [jointLog] [info] Mapping rate = 94.149%

[2019-06-17 18:48:57.143] [jointLog] [info] finished quantifyLibrary()
[2019-06-17 18:48:57.147] [jointLog] [info] Starting optimizer
[2019-06-17 18:48:57.212] [jointLog] [info] Marked 0 weighted equivalence classes as degenerate
[2019-06-17 18:48:57.220] [jointLog] [info] iteration = 0 | max rel diff. = 9435.84
[2019-06-17 18:48:57.300] [jointLog] [info] iteration 11, adjusting effective lengths to account for biases
[2019-06-17 18:49:18.949] [jointLog] [info] Computed expected counts (for bias correction)
[2019-06-17 18:49:18.950] [jointLog] [info] processed bias for 0.0% of the transcripts
[2019-06-17 18:49:21.764] [jointLog] [info] processed bias for 10.0% of the transcripts
[2019-06-17 18:49:24.516] [jointLog] [info] processed bias for 20.0% of the transcripts
[2019-06-17 18:49:27.241] [jointLog] [info] processed bias for 30.0% of the transcripts
[2019-06-17 18:49:30.208] [jointLog] [info] processed bias for 40.0% of the transcripts
[2019-06-17 18:49:33.073] [jointLog] [info] processed bias for 50.0% of the transcripts
[2019-06-17 18:49:35.859] [jointLog] [info] processed bias for 60.0% of the transcripts
[2019-06-17 18:49:38.712] [jointLog] [info] processed bias for 70.0% of the transcripts
[2019-06-17 18:49:41.595] [jointLog] [info] processed bias for 80.0% of the transcripts
[2019-06-17 18:49:43.852] [jointLog] [info] processed bias for 100.0% of the transcripts
[2019-06-17 18:49:44.302] [jointLog] [info] iteration = 100 | max rel diff. = 20.9633
[2019-06-17 18:49:44.760] [jointLog] [info] iteration = 200 | max rel diff. = 17.7983
[2019-06-17 18:49:45.216] [jointLog] [info] iteration = 300 | max rel diff. = 12.2252
[2019-06-17 18:49:45.691] [jointLog] [info] iteration = 400 | max rel diff. = 4.35353
[2019-06-17 18:49:46.149] [jointLog] [info] iteration = 500 | max rel diff. = 0.506009
[2019-06-17 18:49:46.620] [jointLog] [info] iteration = 600 | max rel diff. = 13.3735
[2019-06-17 18:49:47.082] [jointLog] [info] iteration = 700 | max rel diff. = 0.0865436
[2019-06-17 18:49:47.545] [jointLog] [info] iteration = 800 | max rel diff. = 0.520706
[2019-06-17 18:49:48.016] [jointLog] [info] iteration = 900 | max rel diff. = 0.682748
[2019-06-17 18:49:48.473] [jointLog] [info] iteration = 1,000 | max rel diff. = 0.349892
[2019-06-17 18:49:48.945] [jointLog] [info] iteration = 1,100 | max rel diff. = 0.232426
[2019-06-17 18:49:49.405] [jointLog] [info] iteration = 1,200 | max rel diff. = 0.253521
[2019-06-17 18:49:49.863] [jointLog] [info] iteration = 1,300 | max rel diff. = 0.0509524
[2019-06-17 18:49:50.338] [jointLog] [info] iteration = 1,400 | max rel diff. = 0.0856631
[2019-06-17 18:49:50.795] [jointLog] [info] iteration = 1,500 | max rel diff. = 0.0429975
[2019-06-17 18:49:51.085] [jointLog] [info] iteration = 1,564 | max rel diff. = 0.00559926
[2019-06-17 18:49:51.087] [jointLog] [info] Finished optimizer
[2019-06-17 18:49:51.087] [jointLog] [info] writing output 

[2019-06-17 18:49:51.251] [jointLog] [info] Starting Bootstrapping
[2019-06-17 18:49:51.271] [jointLog] [info] Will draw 100 bootstrap samples
[2019-06-17 18:49:51.271] [jointLog] [info] Optimizing over 68,706 equivalence classes
[2019-06-17 18:49:51.274] [jointLog] [info] Marked 0 weighted equivalence classes as degenerate
[2019-06-17 18:50:33.729] [jointLog] [info] wrote 1 bootstraps
[2019-06-17 18:50:34.758] [jointLog] [info] wrote 2 bootstraps
[2019-06-17 18:50:35.110] [jointLog] [info] wrote 3 bootstraps
[2019-06-17 18:50:35.898] [jointLog] [info] wrote 4 bootstraps
[2019-06-17 18:50:36.559] [jointLog] [info] wrote 5 bootstraps
[2019-06-17 18:50:37.378] [jointLog] [info] wrote 6 bootstraps
[2019-06-17 18:50:44.701] [jointLog] [info] wrote 7 bootstraps
[2019-06-17 18:51:15.765] [jointLog] [info] wrote 8 bootstraps
[2019-06-17 18:51:20.900] [jointLog] [info] wrote 9 bootstraps
[2019-06-17 18:51:23.435] [jointLog] [info] wrote 10 bootstraps
[2019-06-17 18:51:23.792] [jointLog] [info] wrote 11 bootstraps
[2019-06-17 18:51:24.879] [jointLog] [info] wrote 12 bootstraps
[2019-06-17 18:51:25.143] [jointLog] [info] wrote 13 bootstraps
[2019-06-17 18:51:27.053] [jointLog] [info] wrote 14 bootstraps
[2019-06-17 18:52:06.145] [jointLog] [info] wrote 15 bootstraps
[2019-06-17 18:52:06.538] [jointLog] [info] wrote 16 bootstraps
[2019-06-17 18:52:09.500] [jointLog] [info] wrote 17 bootstraps
[2019-06-17 18:52:10.771] [jointLog] [info] wrote 18 bootstraps
[2019-06-17 18:52:14.335] [jointLog] [info] wrote 19 bootstraps
[2019-06-17 18:52:17.047] [jointLog] [info] wrote 20 bootstraps
[2019-06-17 18:52:17.942] [jointLog] [info] wrote 21 bootstraps
[2019-06-17 18:52:46.873] [jointLog] [info] wrote 22 bootstraps
[2019-06-17 18:52:49.832] [jointLog] [info] wrote 23 bootstraps
[2019-06-17 21:51:50.598] [jointLog] [info] wrote 24 bootstraps
[2019-06-17 21:51:52.376] [jointLog] [info] wrote 25 bootstraps
[2019-06-17 21:51:59.490] [jointLog] [info] wrote 26 bootstraps
[2019-06-17 21:51:59.705] [jointLog] [info] wrote 27 bootstraps
[2019-06-17 21:52:03.012] [jointLog] [info] wrote 28 bootstraps
[2019-06-17 21:52:32.305] [jointLog] [info] wrote 29 bootstraps
[2019-06-17 21:52:33.161] [jointLog] [info] wrote 30 bootstraps
[2019-06-17 21:52:34.929] [jointLog] [info] wrote 31 bootstraps
[2019-06-17 21:52:36.818] [jointLog] [info] wrote 32 bootstraps
[2019-06-17 21:52:40.632] [jointLog] [info] wrote 33 bootstraps
[2019-06-17 21:52:42.965] [jointLog] [info] wrote 34 bootstraps
[2019-06-17 21:52:46.001] [jointLog] [info] wrote 35 bootstraps
[2019-06-17 21:53:03.107] [jointLog] [info] wrote 36 bootstraps
[2019-06-17 21:53:03.673] [jointLog] [info] wrote 37 bootstraps
[2019-06-17 21:53:08.331] [jointLog] [info] wrote 38 bootstraps
[2019-06-17 21:53:10.242] [jointLog] [info] wrote 39 bootstraps
[2019-06-17 21:53:12.856] [jointLog] [info] wrote 40 bootstraps
[2019-06-17 21:53:19.425] [jointLog] [info] wrote 41 bootstraps
[2019-06-17 21:53:22.260] [jointLog] [info] wrote 42 bootstraps
[2019-06-17 21:53:29.925] [jointLog] [info] wrote 43 bootstraps
[2019-06-17 21:53:32.656] [jointLog] [info] wrote 44 bootstraps
[2019-06-17 21:53:45.117] [jointLog] [info] wrote 45 bootstraps
[2019-06-17 21:53:48.481] [jointLog] [info] wrote 46 bootstraps
[2019-06-17 21:53:48.637] [jointLog] [info] wrote 47 bootstraps
[2019-06-17 21:53:49.885] [jointLog] [info] wrote 48 bootstraps
[2019-06-17 21:53:56.304] [jointLog] [info] wrote 49 bootstraps
[2019-06-17 21:54:05.249] [jointLog] [info] wrote 50 bootstraps
[2019-06-17 21:54:06.050] [jointLog] [info] wrote 51 bootstraps
[2019-06-17 21:54:15.508] [jointLog] [info] wrote 52 bootstraps
[2019-06-17 21:54:23.681] [jointLog] [info] wrote 53 bootstraps
[2019-06-17 21:54:24.234] [jointLog] [info] wrote 54 bootstraps
[2019-06-17 21:54:26.301] [jointLog] [info] wrote 55 bootstraps
[2019-06-17 21:54:29.994] [jointLog] [info] wrote 56 bootstraps
[2019-06-17 21:54:42.072] [jointLog] [info] wrote 57 bootstraps
[2019-06-17 21:54:42.206] [jointLog] [info] wrote 58 bootstraps
[2019-06-17 21:54:47.327] [jointLog] [info] wrote 59 bootstraps
[2019-06-17 21:54:54.220] [jointLog] [info] wrote 60 bootstraps
[2019-06-17 21:54:55.343] [jointLog] [info] wrote 61 bootstraps
[2019-06-17 21:54:59.450] [jointLog] [info] wrote 62 bootstraps
[2019-06-17 21:55:04.456] [jointLog] [info] wrote 63 bootstraps
[2019-06-17 21:55:13.155] [jointLog] [info] wrote 64 bootstraps
[2019-06-17 21:55:15.878] [jointLog] [info] wrote 65 bootstraps
[2019-06-17 21:55:22.356] [jointLog] [info] wrote 66 bootstraps
[2019-06-17 21:55:29.757] [jointLog] [info] wrote 67 bootstraps
[2019-06-17 21:55:33.193] [jointLog] [info] wrote 68 bootstraps
[2019-06-17 21:55:44.690] [jointLog] [info] wrote 69 bootstraps
[2019-06-17 21:55:53.864] [jointLog] [info] wrote 70 bootstraps
[2019-06-17 21:55:55.857] [jointLog] [info] wrote 71 bootstraps
[2019-06-17 21:55:57.131] [jointLog] [info] wrote 72 bootstraps
[2019-06-17 21:56:06.603] [jointLog] [info] wrote 73 bootstraps
[2019-06-17 21:56:17.250] [jointLog] [info] wrote 74 bootstraps
[2019-06-17 21:56:19.409] [jointLog] [info] wrote 75 bootstraps
[2019-06-17 21:56:24.409] [jointLog] [info] wrote 76 bootstraps
[2019-06-17 21:56:38.077] [jointLog] [info] wrote 77 bootstraps
[2019-06-17 21:56:40.790] [jointLog] [info] wrote 78 bootstraps
[2019-06-17 21:56:42.739] [jointLog] [info] wrote 79 bootstraps
[2019-06-17 21:56:47.853] [jointLog] [info] wrote 80 bootstraps
[2019-06-17 21:56:53.920] [jointLog] [info] wrote 81 bootstraps
[2019-06-17 21:56:56.171] [jointLog] [info] wrote 82 bootstraps
[2019-06-17 21:57:02.203] [jointLog] [info] wrote 83 bootstraps
[2019-06-17 21:57:15.359] [jointLog] [info] wrote 84 bootstraps
[2019-06-17 21:57:18.228] [jointLog] [info] wrote 85 bootstraps
[2019-06-17 21:57:20.330] [jointLog] [info] wrote 86 bootstraps
[2019-06-17 21:57:22.235] [jointLog] [info] wrote 87 bootstraps
[2019-06-17 21:57:23.724] [jointLog] [info] wrote 88 bootstraps
[2019-06-17 21:57:29.612] [jointLog] [info] wrote 89 bootstraps
[2019-06-17 21:57:30.677] [jointLog] [info] wrote 90 bootstraps
[2019-06-17 21:57:46.703] [jointLog] [info] wrote 91 bootstraps
[2019-06-17 21:57:52.078] [jointLog] [info] wrote 92 bootstraps
[2019-06-17 21:57:53.698] [jointLog] [info] wrote 93 bootstraps
[2019-06-17 21:57:55.085] [jointLog] [info] wrote 94 bootstraps
[2019-06-17 21:57:55.471] [jointLog] [info] wrote 95 bootstraps
[2019-06-17 21:57:57.083] [jointLog] [info] wrote 96 bootstraps
[2019-06-17 21:58:01.060] [jointLog] [info] wrote 97 bootstraps
[2019-06-17 21:58:12.070] [jointLog] [info] wrote 98 bootstraps
[2019-06-17 21:58:12.461] [jointLog] [info] wrote 99 bootstraps
[2019-06-17 21:58:14.477] [jointLog] [info] wrote 100 bootstraps
[2019-06-17 21:58:14.481] [jointLog] [info] Finished Bootstrapping
[2019-06-17 21:58:14.489] [jointLog] [warning] NOTE: Read Lib [[ Clp1---I_1.fq.gz ]] :

Detected a *potential* strand bias > 1% in an unstranded protocol check the file: /home/jpetereit/salmon2/data/quants/Clp1---I_1.fq.gz_quant/lib_format_counts.json for details

