[2019-06-17 18:18:42.578] [jointLog] [info] Fragment incompatibility prior below threshold.  Incompatible fragments will be ignored.
[2019-06-17 18:18:42.578] [jointLog] [info] Usage of --validateMappings implies use of minScoreFraction. Since not explicitly specified, it is being set to 0.65
[2019-06-17 18:18:42.578] [jointLog] [info] Usage of --validateMappings, without --hardFilter implies use of range factorization. rangeFactorizationBins is being set to 4
[2019-06-17 18:18:42.578] [jointLog] [info] Usage of --validateMappings implies a default consensus slack of 0.2. Setting consensusSlack to 0.2.
[2019-06-17 18:18:42.578] [jointLog] [info] parsing read library format
[2019-06-17 18:18:42.579] [jointLog] [info] There is 1 library.
[2019-06-17 18:18:42.716] [jointLog] [info] Loading Quasi index
[2019-06-17 18:18:42.716] [jointLog] [info] Loading 32-bit quasi index
[2019-06-17 18:18:45.550] [jointLog] [info] done
[2019-06-17 18:18:45.559] [jointLog] [info] Index contained 48,268 targets
[2019-06-17 18:18:46.157] [jointLog] [warning] Fragment GC bias correction is currently *experimental* in single-end libraries.  Please use this option with caution.
[2019-06-17 18:18:46.369] [jointLog] [info] Automatically detected most likely library type as U
[2019-06-17 18:20:18.410] [fileLog] [info] 
At end of round 0
==================
Observed 41851527 total fragments (41851527 in most recent round)

[2019-06-17 18:20:18.409] [jointLog] [info] Computed 69,243 rich equivalence classes for further processing
[2019-06-17 18:20:18.409] [jointLog] [info] Counted 39,358,211 total reads in the equivalence classes 
[2019-06-17 18:20:18.420] [jointLog] [info] Number of mappings discarded because of alignment score : 40,940
[2019-06-17 18:20:18.421] [jointLog] [info] Number of fragments entirely discarded because of alignment score : 2,493,316
[2019-06-17 18:20:18.421] [jointLog] [info] Number of fragments discarded because they are best-mapped to decoys : 0
[2019-06-17 18:20:18.421] [jointLog] [info] Number of fragments discarded because they have only dovetail (discordant) mappings : 0
[2019-06-17 18:20:18.421] [jointLog] [info] Mapping rate = 94.0425%

[2019-06-17 18:20:18.421] [jointLog] [info] finished quantifyLibrary()
[2019-06-17 18:20:18.422] [jointLog] [info] Starting optimizer
[2019-06-17 18:20:18.448] [jointLog] [info] Marked 0 weighted equivalence classes as degenerate
[2019-06-17 18:20:18.450] [jointLog] [info] iteration = 0 | max rel diff. = 17296
[2019-06-17 18:20:18.477] [jointLog] [info] iteration 11, adjusting effective lengths to account for biases
[2019-06-17 18:20:31.476] [jointLog] [info] Computed expected counts (for bias correction)
[2019-06-17 18:20:31.476] [jointLog] [info] processed bias for 0.0% of the transcripts
[2019-06-17 18:20:33.255] [jointLog] [info] processed bias for 10.0% of the transcripts
[2019-06-17 18:20:34.966] [jointLog] [info] processed bias for 20.0% of the transcripts
[2019-06-17 18:20:36.634] [jointLog] [info] processed bias for 30.0% of the transcripts
[2019-06-17 18:20:38.475] [jointLog] [info] processed bias for 40.0% of the transcripts
[2019-06-17 18:20:40.226] [jointLog] [info] processed bias for 50.0% of the transcripts
[2019-06-17 18:20:41.981] [jointLog] [info] processed bias for 60.0% of the transcripts
[2019-06-17 18:20:43.701] [jointLog] [info] processed bias for 70.0% of the transcripts
[2019-06-17 18:20:45.513] [jointLog] [info] processed bias for 80.0% of the transcripts
[2019-06-17 18:20:46.946] [jointLog] [info] processed bias for 100.0% of the transcripts
[2019-06-17 18:20:47.222] [jointLog] [info] iteration = 100 | max rel diff. = 14.0103
[2019-06-17 18:20:47.512] [jointLog] [info] iteration = 200 | max rel diff. = 13.9226
[2019-06-17 18:20:47.785] [jointLog] [info] iteration = 300 | max rel diff. = 4.20902
[2019-06-17 18:20:48.056] [jointLog] [info] iteration = 400 | max rel diff. = 1.37919
[2019-06-17 18:20:48.331] [jointLog] [info] iteration = 500 | max rel diff. = 0.185242
[2019-06-17 18:20:48.616] [jointLog] [info] iteration = 600 | max rel diff. = 1.38154
[2019-06-17 18:20:48.890] [jointLog] [info] iteration = 700 | max rel diff. = 0.486895
[2019-06-17 18:20:49.166] [jointLog] [info] iteration = 800 | max rel diff. = 0.710511
[2019-06-17 18:20:49.436] [jointLog] [info] iteration = 900 | max rel diff. = 0.147996
[2019-06-17 18:20:49.727] [jointLog] [info] iteration = 1,000 | max rel diff. = 0.236841
[2019-06-17 18:20:50.006] [jointLog] [info] iteration = 1,100 | max rel diff. = 0.0753869
[2019-06-17 18:20:50.277] [jointLog] [info] iteration = 1,200 | max rel diff. = 2.61162
[2019-06-17 18:20:50.554] [jointLog] [info] iteration = 1,300 | max rel diff. = 3.12689
[2019-06-17 18:20:50.845] [jointLog] [info] iteration = 1,400 | max rel diff. = 0.0193697
[2019-06-17 18:20:51.120] [jointLog] [info] iteration = 1,500 | max rel diff. = 0.206536
[2019-06-17 18:20:51.395] [jointLog] [info] iteration = 1,600 | max rel diff. = 3.98958
[2019-06-17 18:20:51.674] [jointLog] [info] iteration = 1,700 | max rel diff. = 0.327938
[2019-06-17 18:20:51.959] [jointLog] [info] iteration = 1,800 | max rel diff. = 0.0397035
[2019-06-17 18:20:52.234] [jointLog] [info] iteration = 1,900 | max rel diff. = 0.104306
[2019-06-17 18:20:52.514] [jointLog] [info] iteration = 2,000 | max rel diff. = 0.176589
[2019-06-17 18:20:52.812] [jointLog] [info] iteration = 2,100 | max rel diff. = 0.194216
[2019-06-17 18:20:53.111] [jointLog] [info] iteration = 2,200 | max rel diff. = 0.151176
[2019-06-17 18:20:53.392] [jointLog] [info] iteration = 2,300 | max rel diff. = 0.0629437
[2019-06-17 18:20:53.441] [jointLog] [info] iteration = 2,319 | max rel diff. = 0.00999585
[2019-06-17 18:20:53.442] [jointLog] [info] Finished optimizer
[2019-06-17 18:20:53.442] [jointLog] [info] writing output 

[2019-06-17 18:20:53.547] [jointLog] [info] Starting Bootstrapping
[2019-06-17 18:20:53.559] [jointLog] [info] Will draw 100 bootstrap samples
[2019-06-17 18:20:53.559] [jointLog] [info] Optimizing over 69,243 equivalence classes
[2019-06-17 18:20:53.562] [jointLog] [info] Marked 0 weighted equivalence classes as degenerate
[2019-06-17 18:21:21.353] [jointLog] [info] wrote 1 bootstraps
[2019-06-17 18:21:22.822] [jointLog] [info] wrote 2 bootstraps
[2019-06-17 18:21:23.733] [jointLog] [info] wrote 3 bootstraps
[2019-06-17 18:21:25.620] [jointLog] [info] wrote 4 bootstraps
[2019-06-17 18:21:26.833] [jointLog] [info] wrote 5 bootstraps
[2019-06-17 18:21:27.826] [jointLog] [info] wrote 6 bootstraps
[2019-06-17 18:21:28.677] [jointLog] [info] wrote 7 bootstraps
[2019-06-17 18:22:05.149] [jointLog] [info] wrote 8 bootstraps
[2019-06-17 18:22:06.185] [jointLog] [info] wrote 9 bootstraps
[2019-06-17 18:22:07.559] [jointLog] [info] wrote 10 bootstraps
[2019-06-17 18:22:09.350] [jointLog] [info] wrote 11 bootstraps
[2019-06-17 18:22:09.575] [jointLog] [info] wrote 12 bootstraps
[2019-06-17 18:22:12.700] [jointLog] [info] wrote 13 bootstraps
[2019-06-17 18:22:14.741] [jointLog] [info] wrote 14 bootstraps
[2019-06-17 18:22:52.544] [jointLog] [info] wrote 15 bootstraps
[2019-06-17 18:22:56.967] [jointLog] [info] wrote 16 bootstraps
[2019-06-17 18:22:59.384] [jointLog] [info] wrote 17 bootstraps
[2019-06-17 18:22:59.569] [jointLog] [info] wrote 18 bootstraps
[2019-06-17 18:23:02.345] [jointLog] [info] wrote 19 bootstraps
[2019-06-17 18:23:02.634] [jointLog] [info] wrote 20 bootstraps
[2019-06-17 18:23:05.965] [jointLog] [info] wrote 21 bootstraps
[2019-06-17 18:23:42.638] [jointLog] [info] wrote 22 bootstraps
[2019-06-17 18:23:43.063] [jointLog] [info] wrote 23 bootstraps
[2019-06-17 18:23:45.499] [jointLog] [info] wrote 24 bootstraps
[2019-06-17 18:23:46.614] [jointLog] [info] wrote 25 bootstraps
[2019-06-17 18:23:49.494] [jointLog] [info] wrote 26 bootstraps
[2019-06-17 18:23:52.635] [jointLog] [info] wrote 27 bootstraps
[2019-06-17 18:23:53.741] [jointLog] [info] wrote 28 bootstraps
[2019-06-17 18:24:31.522] [jointLog] [info] wrote 29 bootstraps
[2019-06-17 18:24:32.564] [jointLog] [info] wrote 30 bootstraps
[2019-06-17 18:24:33.210] [jointLog] [info] wrote 31 bootstraps
[2019-06-17 18:24:33.477] [jointLog] [info] wrote 32 bootstraps
[2019-06-17 18:24:33.814] [jointLog] [info] wrote 33 bootstraps
[2019-06-17 18:24:41.443] [jointLog] [info] wrote 34 bootstraps
[2019-06-17 18:24:43.174] [jointLog] [info] wrote 35 bootstraps
[2019-06-17 18:25:13.633] [jointLog] [info] wrote 36 bootstraps
[2019-06-17 18:25:19.192] [jointLog] [info] wrote 37 bootstraps
[2019-06-17 18:25:20.477] [jointLog] [info] wrote 38 bootstraps
[2019-06-17 18:25:22.256] [jointLog] [info] wrote 39 bootstraps
[2019-06-17 18:25:24.349] [jointLog] [info] wrote 40 bootstraps
[2019-06-17 18:25:26.188] [jointLog] [info] wrote 41 bootstraps
[2019-06-17 18:25:29.513] [jointLog] [info] wrote 42 bootstraps
[2019-06-17 18:25:59.491] [jointLog] [info] wrote 43 bootstraps
[2019-06-17 18:26:09.038] [jointLog] [info] wrote 44 bootstraps
[2019-06-17 18:26:13.113] [jointLog] [info] wrote 45 bootstraps
[2019-06-17 18:26:14.255] [jointLog] [info] wrote 46 bootstraps
[2019-06-17 18:26:14.862] [jointLog] [info] wrote 47 bootstraps
[2019-06-17 18:26:14.913] [jointLog] [info] wrote 48 bootstraps
[2019-06-17 18:26:18.752] [jointLog] [info] wrote 49 bootstraps
[2019-06-17 18:26:35.944] [jointLog] [info] wrote 50 bootstraps
[2019-06-17 18:27:02.018] [jointLog] [info] wrote 51 bootstraps
[2019-06-17 18:27:03.173] [jointLog] [info] wrote 52 bootstraps
[2019-06-17 18:27:06.504] [jointLog] [info] wrote 53 bootstraps
[2019-06-17 18:27:07.034] [jointLog] [info] wrote 54 bootstraps
[2019-06-17 18:27:07.167] [jointLog] [info] wrote 55 bootstraps
[2019-06-17 18:27:09.515] [jointLog] [info] wrote 56 bootstraps
[2019-06-17 18:27:16.369] [jointLog] [info] wrote 57 bootstraps
[2019-06-17 18:27:49.668] [jointLog] [info] wrote 58 bootstraps
[2019-06-17 18:27:53.383] [jointLog] [info] wrote 59 bootstraps
[2019-06-17 18:27:57.322] [jointLog] [info] wrote 60 bootstraps
[2019-06-17 18:27:57.556] [jointLog] [info] wrote 61 bootstraps
[2019-06-17 18:27:59.123] [jointLog] [info] wrote 62 bootstraps
[2019-06-17 18:27:59.315] [jointLog] [info] wrote 63 bootstraps
[2019-06-17 18:28:09.487] [jointLog] [info] wrote 64 bootstraps
[2019-06-17 18:28:31.221] [jointLog] [info] wrote 65 bootstraps
[2019-06-17 18:28:44.087] [jointLog] [info] wrote 66 bootstraps
[2019-06-17 18:28:45.581] [jointLog] [info] wrote 67 bootstraps
[2019-06-17 18:28:46.447] [jointLog] [info] wrote 68 bootstraps
[2019-06-17 18:28:47.451] [jointLog] [info] wrote 69 bootstraps
[2019-06-17 18:28:51.925] [jointLog] [info] wrote 70 bootstraps
[2019-06-17 18:28:57.769] [jointLog] [info] wrote 71 bootstraps
[2019-06-17 18:29:22.102] [jointLog] [info] wrote 72 bootstraps
[2019-06-17 18:29:31.217] [jointLog] [info] wrote 73 bootstraps
[2019-06-17 18:29:32.353] [jointLog] [info] wrote 74 bootstraps
[2019-06-17 18:29:34.460] [jointLog] [info] wrote 75 bootstraps
[2019-06-17 18:29:37.474] [jointLog] [info] wrote 76 bootstraps
[2019-06-17 18:29:38.690] [jointLog] [info] wrote 77 bootstraps
[2019-06-17 18:29:44.776] [jointLog] [info] wrote 78 bootstraps
[2019-06-17 18:30:05.329] [jointLog] [info] wrote 79 bootstraps
[2019-06-17 18:30:12.878] [jointLog] [info] wrote 80 bootstraps
[2019-06-17 18:30:20.921] [jointLog] [info] wrote 81 bootstraps
[2019-06-17 18:30:21.719] [jointLog] [info] wrote 82 bootstraps
[2019-06-17 18:30:24.894] [jointLog] [info] wrote 83 bootstraps
[2019-06-17 18:30:31.088] [jointLog] [info] wrote 84 bootstraps
[2019-06-17 18:30:37.303] [jointLog] [info] wrote 85 bootstraps
[2019-06-17 18:30:50.680] [jointLog] [info] wrote 86 bootstraps
[2019-06-17 18:30:58.251] [jointLog] [info] wrote 87 bootstraps
[2019-06-17 18:31:13.144] [jointLog] [info] wrote 88 bootstraps
[2019-06-17 18:31:13.598] [jointLog] [info] wrote 89 bootstraps
[2019-06-17 18:31:13.770] [jointLog] [info] wrote 90 bootstraps
[2019-06-17 18:31:18.050] [jointLog] [info] wrote 91 bootstraps
[2019-06-17 18:31:21.690] [jointLog] [info] wrote 92 bootstraps
[2019-06-17 18:31:40.431] [jointLog] [info] wrote 93 bootstraps
[2019-06-17 18:31:47.340] [jointLog] [info] wrote 94 bootstraps
[2019-06-17 18:31:58.265] [jointLog] [info] wrote 95 bootstraps
[2019-06-17 18:31:59.088] [jointLog] [info] wrote 96 bootstraps
[2019-06-17 18:31:59.855] [jointLog] [info] wrote 97 bootstraps
[2019-06-17 18:32:08.133] [jointLog] [info] wrote 98 bootstraps
[2019-06-17 18:32:10.026] [jointLog] [info] wrote 99 bootstraps
[2019-06-17 18:32:17.303] [jointLog] [info] wrote 100 bootstraps
[2019-06-17 18:32:17.312] [jointLog] [info] Finished Bootstrapping
[2019-06-17 18:32:17.322] [jointLog] [warning] NOTE: Read Lib [[ Clp1---III_1.fq.gz ]] :

Detected a *potential* strand bias > 1% in an unstranded protocol check the file: /home/jpetereit/salmon2/data/quants/Clp1---III_1.fq.gz_quant/lib_format_counts.json for details

