[2019-06-18 00:10:11.503] [jointLog] [info] Fragment incompatibility prior below threshold.  Incompatible fragments will be ignored.
[2019-06-18 00:10:11.504] [jointLog] [info] Usage of --validateMappings implies use of minScoreFraction. Since not explicitly specified, it is being set to 0.65
[2019-06-18 00:10:11.504] [jointLog] [info] Usage of --validateMappings, without --hardFilter implies use of range factorization. rangeFactorizationBins is being set to 4
[2019-06-18 00:10:11.504] [jointLog] [info] Usage of --validateMappings implies a default consensus slack of 0.2. Setting consensusSlack to 0.2.
[2019-06-18 00:10:11.504] [jointLog] [info] parsing read library format
[2019-06-18 00:10:11.504] [jointLog] [info] There is 1 library.
[2019-06-18 00:10:11.645] [jointLog] [info] Loading Quasi index
[2019-06-18 00:10:11.645] [jointLog] [info] Loading 32-bit quasi index
[2019-06-18 00:10:14.682] [jointLog] [info] done
[2019-06-18 00:10:14.682] [jointLog] [info] Index contained 48,268 targets
[2019-06-18 00:10:15.255] [jointLog] [warning] Fragment GC bias correction is currently *experimental* in single-end libraries.  Please use this option with caution.
[2019-06-18 00:10:15.445] [jointLog] [info] Automatically detected most likely library type as U
[2019-06-18 00:11:26.205] [jointLog] [info] Computed 68,347 rich equivalence classes for further processing
[2019-06-18 00:11:26.205] [jointLog] [info] Counted 39,211,228 total reads in the equivalence classes 
[2019-06-18 00:11:26.211] [fileLog] [info] 
At end of round 0
==================
Observed 41815273 total fragments (41815273 in most recent round)

[2019-06-18 00:11:26.220] [jointLog] [info] Number of mappings discarded because of alignment score : 40,160
[2019-06-18 00:11:26.220] [jointLog] [info] Number of fragments entirely discarded because of alignment score : 2,604,045
[2019-06-18 00:11:26.220] [jointLog] [info] Number of fragments discarded because they are best-mapped to decoys : 0
[2019-06-18 00:11:26.220] [jointLog] [info] Number of fragments discarded because they have only dovetail (discordant) mappings : 0
[2019-06-18 00:11:26.220] [jointLog] [info] Mapping rate = 93.7725%

[2019-06-18 00:11:26.220] [jointLog] [info] finished quantifyLibrary()
[2019-06-18 00:11:26.230] [jointLog] [info] Starting optimizer
[2019-06-18 00:11:26.263] [jointLog] [info] Marked 0 weighted equivalence classes as degenerate
[2019-06-18 00:11:26.266] [jointLog] [info] iteration = 0 | max rel diff. = 8674.96
[2019-06-18 00:11:26.293] [jointLog] [info] iteration 11, adjusting effective lengths to account for biases
[2019-06-18 00:11:40.068] [jointLog] [info] Computed expected counts (for bias correction)
[2019-06-18 00:11:40.069] [jointLog] [info] processed bias for 0.0% of the transcripts
[2019-06-18 00:11:41.885] [jointLog] [info] processed bias for 10.0% of the transcripts
[2019-06-18 00:11:43.636] [jointLog] [info] processed bias for 20.0% of the transcripts
[2019-06-18 00:11:45.442] [jointLog] [info] processed bias for 30.0% of the transcripts
[2019-06-18 00:11:47.387] [jointLog] [info] processed bias for 40.0% of the transcripts
[2019-06-18 00:11:49.256] [jointLog] [info] processed bias for 50.0% of the transcripts
[2019-06-18 00:11:51.085] [jointLog] [info] processed bias for 60.0% of the transcripts
[2019-06-18 00:11:52.944] [jointLog] [info] processed bias for 70.0% of the transcripts
[2019-06-18 00:11:54.995] [jointLog] [info] processed bias for 80.0% of the transcripts
[2019-06-18 00:11:56.469] [jointLog] [info] processed bias for 100.0% of the transcripts
[2019-06-18 00:11:56.724] [jointLog] [info] iteration = 100 | max rel diff. = 16.3486
[2019-06-18 00:11:56.999] [jointLog] [info] iteration = 200 | max rel diff. = 15.4274
[2019-06-18 00:11:57.272] [jointLog] [info] iteration = 300 | max rel diff. = 5.71536
[2019-06-18 00:11:57.545] [jointLog] [info] iteration = 400 | max rel diff. = 10.0279
[2019-06-18 00:11:57.822] [jointLog] [info] iteration = 500 | max rel diff. = 7.1123
[2019-06-18 00:11:58.095] [jointLog] [info] iteration = 600 | max rel diff. = 2.44553
[2019-06-18 00:11:58.366] [jointLog] [info] iteration = 700 | max rel diff. = 0.427284
[2019-06-18 00:11:58.639] [jointLog] [info] iteration = 800 | max rel diff. = 1.45657
[2019-06-18 00:11:58.913] [jointLog] [info] iteration = 900 | max rel diff. = 0.108352
[2019-06-18 00:11:59.186] [jointLog] [info] iteration = 1,000 | max rel diff. = 0.313447
[2019-06-18 00:11:59.460] [jointLog] [info] iteration = 1,100 | max rel diff. = 0.169686
[2019-06-18 00:11:59.732] [jointLog] [info] iteration = 1,200 | max rel diff. = 0.023194
[2019-06-18 00:12:00.009] [jointLog] [info] iteration = 1,300 | max rel diff. = 0.108098
[2019-06-18 00:12:00.282] [jointLog] [info] iteration = 1,400 | max rel diff. = 0.767032
[2019-06-18 00:12:00.555] [jointLog] [info] iteration = 1,500 | max rel diff. = 0.0825651
[2019-06-18 00:12:00.829] [jointLog] [info] iteration = 1,600 | max rel diff. = 0.266062
[2019-06-18 00:12:01.107] [jointLog] [info] iteration = 1,700 | max rel diff. = 0.0132779
[2019-06-18 00:12:01.379] [jointLog] [info] iteration = 1,800 | max rel diff. = 0.0156275
[2019-06-18 00:12:01.653] [jointLog] [info] iteration = 1,900 | max rel diff. = 2.30683
[2019-06-18 00:12:01.918] [jointLog] [info] iteration = 1,999 | max rel diff. = 0.00707686
[2019-06-18 00:12:01.919] [jointLog] [info] Finished optimizer
[2019-06-18 00:12:01.919] [jointLog] [info] writing output 

[2019-06-18 00:12:02.018] [jointLog] [info] Starting Bootstrapping
[2019-06-18 00:12:02.029] [jointLog] [info] Will draw 100 bootstrap samples
[2019-06-18 00:12:02.029] [jointLog] [info] Optimizing over 68,347 equivalence classes
[2019-06-18 00:12:02.032] [jointLog] [info] Marked 0 weighted equivalence classes as degenerate
[2019-06-18 00:12:24.321] [jointLog] [info] wrote 1 bootstraps
[2019-06-18 00:12:26.018] [jointLog] [info] wrote 2 bootstraps
[2019-06-18 00:12:26.138] [jointLog] [info] wrote 3 bootstraps
[2019-06-18 00:12:27.596] [jointLog] [info] wrote 4 bootstraps
[2019-06-18 00:12:28.982] [jointLog] [info] wrote 5 bootstraps
[2019-06-18 00:12:31.200] [jointLog] [info] wrote 6 bootstraps
[2019-06-18 00:12:44.884] [jointLog] [info] wrote 7 bootstraps
[2019-06-18 00:12:52.725] [jointLog] [info] wrote 8 bootstraps
[2019-06-18 00:12:54.788] [jointLog] [info] wrote 9 bootstraps
[2019-06-18 00:12:55.889] [jointLog] [info] wrote 10 bootstraps
[2019-06-18 00:12:57.691] [jointLog] [info] wrote 11 bootstraps
[2019-06-18 00:12:58.210] [jointLog] [info] wrote 12 bootstraps
[2019-06-18 00:13:13.754] [jointLog] [info] wrote 13 bootstraps
[2019-06-18 00:13:19.360] [jointLog] [info] wrote 14 bootstraps
[2019-06-18 00:13:21.415] [jointLog] [info] wrote 15 bootstraps
[2019-06-18 00:13:24.378] [jointLog] [info] wrote 16 bootstraps
[2019-06-18 00:13:25.793] [jointLog] [info] wrote 17 bootstraps
[2019-06-18 00:13:28.601] [jointLog] [info] wrote 18 bootstraps
[2019-06-18 00:13:35.544] [jointLog] [info] wrote 19 bootstraps
[2019-06-18 00:13:47.290] [jointLog] [info] wrote 20 bootstraps
[2019-06-18 00:13:50.939] [jointLog] [info] wrote 21 bootstraps
[2019-06-18 00:13:51.685] [jointLog] [info] wrote 22 bootstraps
[2019-06-18 00:13:51.757] [jointLog] [info] wrote 23 bootstraps
[2019-06-18 00:13:52.142] [jointLog] [info] wrote 24 bootstraps
[2019-06-18 00:14:05.355] [jointLog] [info] wrote 25 bootstraps
[2019-06-18 00:14:17.019] [jointLog] [info] wrote 26 bootstraps
[2019-06-18 00:14:17.113] [jointLog] [info] wrote 27 bootstraps
[2019-06-18 00:14:18.907] [jointLog] [info] wrote 28 bootstraps
[2019-06-18 00:14:20.556] [jointLog] [info] wrote 29 bootstraps
[2019-06-18 00:14:23.104] [jointLog] [info] wrote 30 bootstraps
[2019-06-18 00:14:30.959] [jointLog] [info] wrote 31 bootstraps
[2019-06-18 00:14:41.554] [jointLog] [info] wrote 32 bootstraps
[2019-06-18 00:14:44.014] [jointLog] [info] wrote 33 bootstraps
[2019-06-18 00:14:45.651] [jointLog] [info] wrote 34 bootstraps
[2019-06-18 00:14:47.707] [jointLog] [info] wrote 35 bootstraps
[2019-06-18 00:14:51.060] [jointLog] [info] wrote 36 bootstraps
[2019-06-18 00:14:59.057] [jointLog] [info] wrote 37 bootstraps
[2019-06-18 00:15:07.577] [jointLog] [info] wrote 38 bootstraps
[2019-06-18 00:15:10.324] [jointLog] [info] wrote 39 bootstraps
[2019-06-18 00:15:10.866] [jointLog] [info] wrote 40 bootstraps
[2019-06-18 00:15:15.744] [jointLog] [info] wrote 41 bootstraps
[2019-06-18 00:15:18.468] [jointLog] [info] wrote 42 bootstraps
[2019-06-18 00:15:27.545] [jointLog] [info] wrote 43 bootstraps
[2019-06-18 00:15:32.526] [jointLog] [info] wrote 44 bootstraps
[2019-06-18 00:15:37.032] [jointLog] [info] wrote 45 bootstraps
[2019-06-18 00:15:39.123] [jointLog] [info] wrote 46 bootstraps
[2019-06-18 00:15:39.976] [jointLog] [info] wrote 47 bootstraps
[2019-06-18 00:15:43.968] [jointLog] [info] wrote 48 bootstraps
[2019-06-18 00:15:54.452] [jointLog] [info] wrote 49 bootstraps
[2019-06-18 00:15:56.116] [jointLog] [info] wrote 50 bootstraps
[2019-06-18 00:16:04.386] [jointLog] [info] wrote 51 bootstraps
[2019-06-18 00:16:09.743] [jointLog] [info] wrote 52 bootstraps
[2019-06-18 00:16:09.966] [jointLog] [info] wrote 53 bootstraps
[2019-06-18 00:16:12.239] [jointLog] [info] wrote 54 bootstraps
[2019-06-18 00:16:22.265] [jointLog] [info] wrote 55 bootstraps
[2019-06-18 00:16:23.091] [jointLog] [info] wrote 56 bootstraps
[2019-06-18 00:16:33.929] [jointLog] [info] wrote 57 bootstraps
[2019-06-18 00:16:34.024] [jointLog] [info] wrote 58 bootstraps
[2019-06-18 00:16:39.569] [jointLog] [info] wrote 59 bootstraps
[2019-06-18 00:16:41.915] [jointLog] [info] wrote 60 bootstraps
[2019-06-18 00:16:47.732] [jointLog] [info] wrote 61 bootstraps
[2019-06-18 00:16:55.085] [jointLog] [info] wrote 62 bootstraps
[2019-06-18 00:17:01.365] [jointLog] [info] wrote 63 bootstraps
[2019-06-18 00:17:01.736] [jointLog] [info] wrote 64 bootstraps
[2019-06-18 00:17:02.966] [jointLog] [info] wrote 65 bootstraps
[2019-06-18 00:17:08.974] [jointLog] [info] wrote 66 bootstraps
[2019-06-18 00:17:18.014] [jointLog] [info] wrote 67 bootstraps
[2019-06-18 00:17:22.480] [jointLog] [info] wrote 68 bootstraps
[2019-06-18 00:17:29.032] [jointLog] [info] wrote 69 bootstraps
[2019-06-18 00:17:30.099] [jointLog] [info] wrote 70 bootstraps
[2019-06-18 00:17:31.978] [jointLog] [info] wrote 71 bootstraps
[2019-06-18 00:17:38.746] [jointLog] [info] wrote 72 bootstraps
[2019-06-18 00:17:47.925] [jointLog] [info] wrote 73 bootstraps
[2019-06-18 00:17:50.875] [jointLog] [info] wrote 74 bootstraps
[2019-06-18 00:17:57.381] [jointLog] [info] wrote 75 bootstraps
[2019-06-18 00:17:58.651] [jointLog] [info] wrote 76 bootstraps
[2019-06-18 00:17:59.360] [jointLog] [info] wrote 77 bootstraps
[2019-06-18 00:18:08.387] [jointLog] [info] wrote 78 bootstraps
[2019-06-18 00:18:12.940] [jointLog] [info] wrote 79 bootstraps
[2019-06-18 00:18:15.176] [jointLog] [info] wrote 80 bootstraps
[2019-06-18 00:18:24.502] [jointLog] [info] wrote 81 bootstraps
[2019-06-18 00:18:28.641] [jointLog] [info] wrote 82 bootstraps
[2019-06-18 00:18:30.233] [jointLog] [info] wrote 83 bootstraps
[2019-06-18 00:18:39.661] [jointLog] [info] wrote 84 bootstraps
[2019-06-18 00:18:41.273] [jointLog] [info] wrote 85 bootstraps
[2019-06-18 00:18:43.104] [jointLog] [info] wrote 86 bootstraps
[2019-06-18 00:18:51.449] [jointLog] [info] wrote 87 bootstraps
[2019-06-18 00:18:57.565] [jointLog] [info] wrote 88 bootstraps
[2019-06-18 00:18:59.924] [jointLog] [info] wrote 89 bootstraps
[2019-06-18 00:19:04.407] [jointLog] [info] wrote 90 bootstraps
[2019-06-18 00:19:07.621] [jointLog] [info] wrote 91 bootstraps
[2019-06-18 00:19:14.372] [jointLog] [info] wrote 92 bootstraps
[2019-06-18 00:19:19.527] [jointLog] [info] wrote 93 bootstraps
[2019-06-18 00:19:20.616] [jointLog] [info] wrote 94 bootstraps
[2019-06-18 00:19:21.766] [jointLog] [info] wrote 95 bootstraps
[2019-06-18 00:19:32.731] [jointLog] [info] wrote 96 bootstraps
[2019-06-18 00:19:35.623] [jointLog] [info] wrote 97 bootstraps
[2019-06-18 00:19:42.021] [jointLog] [info] wrote 98 bootstraps
[2019-06-18 00:19:42.098] [jointLog] [info] wrote 99 bootstraps
[2019-06-18 00:19:43.362] [jointLog] [info] wrote 100 bootstraps
[2019-06-18 00:19:43.366] [jointLog] [info] Finished Bootstrapping
[2019-06-18 00:19:43.374] [jointLog] [warning] NOTE: Read Lib [[ Clp2---III_1.fq.gz ]] :

Detected a *potential* strand bias > 1% in an unstranded protocol check the file: /home/jpetereit/salmon2/data/quants/Clp2---III_1.fq.gz_quant/lib_format_counts.json for details

