[2019-06-14 11:46:07.081] [jointLog] [info] Fragment incompatibility prior below threshold.  Incompatible fragments will be ignored.
[2019-06-14 11:46:07.081] [jointLog] [info] Usage of --validateMappings implies use of minScoreFraction. Since not explicitly specified, it is being set to 0.65
[2019-06-14 11:46:07.081] [jointLog] [info] Usage of --validateMappings, without --hardFilter implies use of range factorization. rangeFactorizationBins is being set to 4
[2019-06-14 11:46:07.081] [jointLog] [info] Usage of --validateMappings implies a default consensus slack of 0.2. Setting consensusSlack to 0.2.
[2019-06-14 11:46:07.081] [jointLog] [info] parsing read library format
[2019-06-14 11:46:07.081] [jointLog] [info] There is 1 library.
[2019-06-14 11:46:07.220] [jointLog] [info] Loading Quasi index
[2019-06-14 11:46:07.221] [jointLog] [info] Loading 32-bit quasi index
[2019-06-14 11:46:10.453] [jointLog] [info] done
[2019-06-14 11:46:10.453] [jointLog] [info] Index contained 40,812 targets
[2019-06-14 11:46:10.942] [jointLog] [warning] Fragment GC bias correction is currently *experimental* in single-end libraries.  Please use this option with caution.
[2019-06-14 11:46:11.194] [jointLog] [info] Automatically detected most likely library type as U
[2019-06-14 11:47:24.416] [fileLog] [info] 
At end of round 0
==================
Observed 41603760 total fragments (41603760 in most recent round)

[2019-06-14 11:47:24.413] [jointLog] [info] Computed 51,488 rich equivalence classes for further processing
[2019-06-14 11:47:24.413] [jointLog] [info] Counted 39,273,366 total reads in the equivalence classes 
[2019-06-14 11:47:24.426] [jointLog] [info] Number of mappings discarded because of alignment score : 29,410
[2019-06-14 11:47:24.426] [jointLog] [info] Number of fragments entirely discarded because of alignment score : 2,330,394
[2019-06-14 11:47:24.426] [jointLog] [info] Number of fragments discarded because they are best-mapped to decoys : 0
[2019-06-14 11:47:24.426] [jointLog] [info] Number of fragments discarded because they have only dovetail (discordant) mappings : 0
[2019-06-14 11:47:24.426] [jointLog] [info] Mapping rate = 94.3986%

[2019-06-14 11:47:24.426] [jointLog] [info] finished quantifyLibrary()
[2019-06-14 11:47:24.428] [jointLog] [info] Starting optimizer
[2019-06-14 11:47:24.452] [jointLog] [info] Marked 0 weighted equivalence classes as degenerate
[2019-06-14 11:47:24.454] [jointLog] [info] iteration = 0 | max rel diff. = 19888
[2019-06-14 11:47:24.475] [jointLog] [info] iteration 11, adjusting effective lengths to account for biases
[2019-06-14 11:47:34.092] [jointLog] [info] Computed expected counts (for bias correction)
[2019-06-14 11:47:34.093] [jointLog] [info] processed bias for 0.0% of the transcripts
[2019-06-14 11:47:35.874] [jointLog] [info] processed bias for 10.0% of the transcripts
[2019-06-14 11:47:37.424] [jointLog] [info] processed bias for 20.0% of the transcripts
[2019-06-14 11:47:38.841] [jointLog] [info] processed bias for 30.0% of the transcripts
[2019-06-14 11:47:40.330] [jointLog] [info] processed bias for 40.0% of the transcripts
[2019-06-14 11:47:41.913] [jointLog] [info] processed bias for 50.0% of the transcripts
[2019-06-14 11:47:43.396] [jointLog] [info] processed bias for 60.0% of the transcripts
[2019-06-14 11:47:45.147] [jointLog] [info] processed bias for 70.0% of the transcripts
[2019-06-14 11:47:46.580] [jointLog] [info] processed bias for 100.0% of the transcripts
[2019-06-14 11:47:46.810] [jointLog] [info] iteration = 100 | max rel diff. = 4.28901
[2019-06-14 11:47:47.058] [jointLog] [info] iteration = 200 | max rel diff. = 3.11267
[2019-06-14 11:47:47.317] [jointLog] [info] iteration = 300 | max rel diff. = 1.6716
[2019-06-14 11:47:47.552] [jointLog] [info] iteration = 400 | max rel diff. = 1.41319
[2019-06-14 11:47:47.759] [jointLog] [info] iteration = 500 | max rel diff. = 0.0646895
[2019-06-14 11:47:47.983] [jointLog] [info] iteration = 600 | max rel diff. = 14.401
[2019-06-14 11:47:48.201] [jointLog] [info] iteration = 700 | max rel diff. = 0.641142
[2019-06-14 11:47:48.409] [jointLog] [info] iteration = 800 | max rel diff. = 14.6521
[2019-06-14 11:47:48.626] [jointLog] [info] iteration = 900 | max rel diff. = 0.0415017
[2019-06-14 11:47:48.831] [jointLog] [info] iteration = 1,000 | max rel diff. = 0.0214257
[2019-06-14 11:47:49.042] [jointLog] [info] iteration = 1,100 | max rel diff. = 0.109054
[2019-06-14 11:47:49.269] [jointLog] [info] iteration = 1,200 | max rel diff. = 0.0193115
[2019-06-14 11:47:49.436] [jointLog] [info] iteration = 1,280 | max rel diff. = 0.0076718
[2019-06-14 11:47:49.437] [jointLog] [info] Finished optimizer
[2019-06-14 11:47:49.437] [jointLog] [info] writing output 

[2019-06-14 11:47:49.525] [jointLog] [info] Starting Bootstrapping
[2019-06-14 11:47:49.534] [jointLog] [info] Will draw 100 bootstrap samples
[2019-06-14 11:47:49.534] [jointLog] [info] Optimizing over 51,488 equivalence classes
[2019-06-14 11:47:49.536] [jointLog] [info] Marked 0 weighted equivalence classes as degenerate
[2019-06-14 11:48:09.637] [jointLog] [info] wrote 1 bootstraps
[2019-06-14 11:48:09.741] [jointLog] [info] wrote 2 bootstraps
[2019-06-14 11:48:10.418] [jointLog] [info] wrote 3 bootstraps
[2019-06-14 11:48:11.200] [jointLog] [info] wrote 4 bootstraps
[2019-06-14 11:48:11.515] [jointLog] [info] wrote 5 bootstraps
[2019-06-14 11:48:12.414] [jointLog] [info] wrote 6 bootstraps
[2019-06-14 11:48:12.461] [jointLog] [info] wrote 7 bootstraps
[2019-06-14 11:48:33.019] [jointLog] [info] wrote 8 bootstraps
[2019-06-14 11:48:33.401] [jointLog] [info] wrote 9 bootstraps
[2019-06-14 11:48:33.624] [jointLog] [info] wrote 10 bootstraps
[2019-06-14 11:48:34.191] [jointLog] [info] wrote 11 bootstraps
[2019-06-14 11:48:34.460] [jointLog] [info] wrote 12 bootstraps
[2019-06-14 11:48:34.658] [jointLog] [info] wrote 13 bootstraps
[2019-06-14 11:48:35.213] [jointLog] [info] wrote 14 bootstraps
[2019-06-14 11:48:51.433] [jointLog] [info] wrote 15 bootstraps
[2019-06-14 11:48:52.442] [jointLog] [info] wrote 16 bootstraps
[2019-06-14 11:48:52.473] [jointLog] [info] wrote 17 bootstraps
[2019-06-14 11:48:52.908] [jointLog] [info] wrote 18 bootstraps
[2019-06-14 11:48:54.460] [jointLog] [info] wrote 19 bootstraps
[2019-06-14 11:48:55.656] [jointLog] [info] wrote 20 bootstraps
[2019-06-14 11:48:55.691] [jointLog] [info] wrote 21 bootstraps
[2019-06-14 11:49:11.324] [jointLog] [info] wrote 22 bootstraps
[2019-06-14 11:49:13.198] [jointLog] [info] wrote 23 bootstraps
[2019-06-14 11:49:13.584] [jointLog] [info] wrote 24 bootstraps
[2019-06-14 11:49:15.118] [jointLog] [info] wrote 25 bootstraps
[2019-06-14 11:49:15.769] [jointLog] [info] wrote 26 bootstraps
[2019-06-14 11:49:17.636] [jointLog] [info] wrote 27 bootstraps
[2019-06-14 11:49:18.903] [jointLog] [info] wrote 28 bootstraps
[2019-06-14 11:49:33.326] [jointLog] [info] wrote 29 bootstraps
[2019-06-14 11:49:34.463] [jointLog] [info] wrote 30 bootstraps
[2019-06-14 11:49:34.493] [jointLog] [info] wrote 31 bootstraps
[2019-06-14 11:49:35.313] [jointLog] [info] wrote 32 bootstraps
[2019-06-14 11:49:36.356] [jointLog] [info] wrote 33 bootstraps
[2019-06-14 11:49:39.794] [jointLog] [info] wrote 34 bootstraps
[2019-06-14 11:49:41.670] [jointLog] [info] wrote 35 bootstraps
[2019-06-14 11:49:51.769] [jointLog] [info] wrote 36 bootstraps
[2019-06-14 11:49:54.414] [jointLog] [info] wrote 37 bootstraps
[2019-06-14 11:49:54.966] [jointLog] [info] wrote 38 bootstraps
[2019-06-14 11:49:57.109] [jointLog] [info] wrote 39 bootstraps
[2019-06-14 11:49:59.916] [jointLog] [info] wrote 40 bootstraps
[2019-06-14 11:50:00.624] [jointLog] [info] wrote 41 bootstraps
[2019-06-14 11:50:01.375] [jointLog] [info] wrote 42 bootstraps
[2019-06-14 11:50:15.198] [jointLog] [info] wrote 43 bootstraps
[2019-06-14 11:50:15.758] [jointLog] [info] wrote 44 bootstraps
[2019-06-14 11:50:16.766] [jointLog] [info] wrote 45 bootstraps
[2019-06-14 11:50:17.380] [jointLog] [info] wrote 46 bootstraps
[2019-06-14 11:50:19.683] [jointLog] [info] wrote 47 bootstraps
[2019-06-14 11:50:19.771] [jointLog] [info] wrote 48 bootstraps
[2019-06-14 11:50:22.562] [jointLog] [info] wrote 49 bootstraps
[2019-06-14 11:50:36.569] [jointLog] [info] wrote 50 bootstraps
[2019-06-14 11:50:36.953] [jointLog] [info] wrote 51 bootstraps
[2019-06-14 11:50:37.065] [jointLog] [info] wrote 52 bootstraps
[2019-06-14 11:50:37.271] [jointLog] [info] wrote 53 bootstraps
[2019-06-14 11:50:39.535] [jointLog] [info] wrote 54 bootstraps
[2019-06-14 11:50:40.402] [jointLog] [info] wrote 55 bootstraps
[2019-06-14 11:50:44.089] [jointLog] [info] wrote 56 bootstraps
[2019-06-14 11:50:56.621] [jointLog] [info] wrote 57 bootstraps
[2019-06-14 11:50:56.811] [jointLog] [info] wrote 58 bootstraps
[2019-06-14 11:50:57.428] [jointLog] [info] wrote 59 bootstraps
[2019-06-14 11:50:58.636] [jointLog] [info] wrote 60 bootstraps
[2019-06-14 11:50:59.791] [jointLog] [info] wrote 61 bootstraps
[2019-06-14 11:51:01.047] [jointLog] [info] wrote 62 bootstraps
[2019-06-14 11:51:03.986] [jointLog] [info] wrote 63 bootstraps
[2019-06-14 11:51:17.619] [jointLog] [info] wrote 64 bootstraps
[2019-06-14 11:51:20.207] [jointLog] [info] wrote 65 bootstraps
[2019-06-14 11:51:20.504] [jointLog] [info] wrote 66 bootstraps
[2019-06-14 11:51:20.911] [jointLog] [info] wrote 67 bootstraps
[2019-06-14 11:51:21.917] [jointLog] [info] wrote 68 bootstraps
[2019-06-14 11:51:21.955] [jointLog] [info] wrote 69 bootstraps
[2019-06-14 11:51:30.407] [jointLog] [info] wrote 70 bootstraps
[2019-06-14 11:51:35.015] [jointLog] [info] wrote 71 bootstraps
[2019-06-14 11:51:39.953] [jointLog] [info] wrote 72 bootstraps
[2019-06-14 11:51:40.367] [jointLog] [info] wrote 73 bootstraps
[2019-06-14 11:51:44.259] [jointLog] [info] wrote 74 bootstraps
[2019-06-14 11:51:44.630] [jointLog] [info] wrote 75 bootstraps
[2019-06-14 11:51:45.448] [jointLog] [info] wrote 76 bootstraps
[2019-06-14 11:51:53.168] [jointLog] [info] wrote 77 bootstraps
[2019-06-14 11:51:55.402] [jointLog] [info] wrote 78 bootstraps
[2019-06-14 11:51:58.298] [jointLog] [info] wrote 79 bootstraps
[2019-06-14 11:52:01.210] [jointLog] [info] wrote 80 bootstraps
[2019-06-14 11:52:05.180] [jointLog] [info] wrote 81 bootstraps
[2019-06-14 11:52:06.952] [jointLog] [info] wrote 82 bootstraps
[2019-06-14 11:52:07.176] [jointLog] [info] wrote 83 bootstraps
[2019-06-14 11:52:11.498] [jointLog] [info] wrote 84 bootstraps
[2019-06-14 11:52:15.070] [jointLog] [info] wrote 85 bootstraps
[2019-06-14 11:52:20.792] [jointLog] [info] wrote 86 bootstraps
[2019-06-14 11:52:21.242] [jointLog] [info] wrote 87 bootstraps
[2019-06-14 11:52:24.066] [jointLog] [info] wrote 88 bootstraps
[2019-06-14 11:52:27.227] [jointLog] [info] wrote 89 bootstraps
[2019-06-14 11:52:27.807] [jointLog] [info] wrote 90 bootstraps
[2019-06-14 11:52:32.660] [jointLog] [info] wrote 91 bootstraps
[2019-06-14 11:52:34.044] [jointLog] [info] wrote 92 bootstraps
[2019-06-14 11:52:41.487] [jointLog] [info] wrote 93 bootstraps
[2019-06-14 11:52:43.606] [jointLog] [info] wrote 94 bootstraps
[2019-06-14 11:52:44.819] [jointLog] [info] wrote 95 bootstraps
[2019-06-14 11:52:46.050] [jointLog] [info] wrote 96 bootstraps
[2019-06-14 11:52:47.098] [jointLog] [info] wrote 97 bootstraps
[2019-06-14 11:52:48.818] [jointLog] [info] wrote 98 bootstraps
[2019-06-14 11:52:50.967] [jointLog] [info] wrote 99 bootstraps
[2019-06-14 11:52:53.605] [jointLog] [info] wrote 100 bootstraps
[2019-06-14 11:52:53.608] [jointLog] [info] Finished Bootstrapping
[2019-06-14 11:52:53.609] [jointLog] [warning] NOTE: Read Lib [[ WT-I_1.fq.gz ]] :

Detected a *potential* strand bias > 1% in an unstranded protocol check the file: /home/jpetereit/salmon2/data/quants/WT-I_1.fq.gz_quant/lib_format_counts.json for details

